
> backend@1.0.0 start
> nodemon app.js

[33m[nodemon] 3.1.10[39m
[33m[nodemon] to restart at any time, enter `rs`[39m
[33m[nodemon] watching path(s): *.*[39m
[33m[nodemon] watching extensions: js,mjs,cjs,json[39m
[32m[nodemon] starting `node app.js`[39m
🚀 Server running on port 5000
Successfully connected to MongoDB Atlas!
✨ Session Data Variable: {
  id: new ObjectId('6853cf644d922842251ec296'),
  name: 'Isuru',
  email: 'isuru@gmail.com',
  faculty: 'Applied Science',
  regno: '2020/ICT/13',
  loginTime: 2025-06-19T23:47:28.131Z
}
✅ Session stored: {
  id: new ObjectId('6853cf644d922842251ec296'),
  name: 'Isuru',
  email: 'isuru@gmail.com',
  faculty: 'Applied Science',
  regno: '2020/ICT/13',
  loginTime: 2025-06-19T23:47:28.131Z
}
🔍 Debug session check: {
  hasSession: true,
  sessionUser: {
    id: '6853cf644d922842251ec296',
    name: 'Isuru',
    email: 'isuru@gmail.com',
    faculty: 'Applied Science',
    regno: '2020/ICT/13',
    loginTime: '2025-06-19T23:47:28.131Z'
  },
  sessionId: 'tUa27Cmd3HTI8dkxDNZ_hn6SkrKkAIQS',
  cookies: 'connect.sid=s%3AtUa27Cmd3HTI8dkxDNZ_hn6SkrKkAIQS.i5zulFcKtBQRKd%2BKV3L5x0uGFbzfFz84FYtVhtzYWQ8'
}
✅ Latest session endpoint called, session user: {
  id: '6853cf644d922842251ec296',
  name: 'Isuru',
  email: 'isuru@gmail.com',
  faculty: 'Applied Science',
  regno: '2020/ICT/13',
  loginTime: '2025-06-19T23:47:28.131Z'
}
✨ Session Data Variable: {
  id: new ObjectId('6853d0ca4d922842251ec29c'),
  name: 'Bisrul Salman',
  email: 'salman@gmail.com',
  faculty: 'Business Studies',
  regno: '2019/BS/93',
  loginTime: 2025-06-19T23:51:07.416Z
}
✅ Session stored: {
  id: new ObjectId('6853d0ca4d922842251ec29c'),
  name: 'Bisrul Salman',
  email: 'salman@gmail.com',
  faculty: 'Business Studies',
  regno: '2019/BS/93',
  loginTime: 2025-06-19T23:51:07.416Z
}
🔍 Debug session check: {
  hasSession: true,
  sessionUser: {
    id: '6853d0ca4d922842251ec29c',
    name: 'Bisrul Salman',
    email: 'salman@gmail.com',
    faculty: 'Business Studies',
    regno: '2019/BS/93',
    loginTime: '2025-06-19T23:51:07.416Z'
  },
  sessionId: 'tUa27Cmd3HTI8dkxDNZ_hn6SkrKkAIQS',
  cookies: 'connect.sid=s%3AtUa27Cmd3HTI8dkxDNZ_hn6SkrKkAIQS.i5zulFcKtBQRKd%2BKV3L5x0uGFbzfFz84FYtVhtzYWQ8'
}
✅ Latest session endpoint called, session user: {
  id: '6853d0ca4d922842251ec29c',
  name: 'Bisrul Salman',
  email: 'salman@gmail.com',
  faculty: 'Business Studies',
  regno: '2019/BS/93',
  loginTime: '2025-06-19T23:51:07.416Z'
}
✨ Session Data Variable: {
  id: new ObjectId('6853d0ca4d922842251ec29c'),
  name: 'Bisrul Salman',
  email: 'salman@gmail.com',
  faculty: 'Business Studies',
  regno: '2019/BS/93',
  loginTime: 2025-06-19T23:52:00.819Z
}
✅ Session stored: {
  id: new ObjectId('6853d0ca4d922842251ec29c'),
  name: 'Bisrul Salman',
  email: 'salman@gmail.com',
  faculty: 'Business Studies',
  regno: '2019/BS/93',
  loginTime: 2025-06-19T23:52:00.819Z
}
🔍 Debug session check: {
  hasSession: true,
  sessionUser: {
    id: '6853d0ca4d922842251ec29c',
    name: 'Bisrul Salman',
    email: 'salman@gmail.com',
    faculty: 'Business Studies',
    regno: '2019/BS/93',
    loginTime: '2025-06-19T23:52:00.819Z'
  },
  sessionId: 'I57-5ambsU-FSWphJivyWAjdHDBzA3wu',
  cookies: 'connect.sid=s%3AI57-5ambsU-FSWphJivyWAjdHDBzA3wu.Ym2nnBii0RbY4DOsPAk31R2GGBTc0jkYYjA3MH%2B5uD0'
}
✅ Latest session endpoint called, session user: {
  id: '6853d0ca4d922842251ec29c',
  name: 'Bisrul Salman',
  email: 'salman@gmail.com',
  faculty: 'Business Studies',
  regno: '2019/BS/93',
  loginTime: '2025-06-19T23:52:00.819Z'
}
[32m[nodemon] restarting due to changes...[39m
[32m[nodemon] starting `node app.js`[39m
🚀 Server running on port 5000
Successfully connected to MongoDB Atlas!
[32m[nodemon] restarting due to changes...[39m
[32m[nodemon] starting `node app.js`[39m
🚀 Server running on port 5000
Successfully connected to MongoDB Atlas!
